<?xml version="1.0" encoding="UTF-8"?>
<testsuite name="ohtuesimerkki.StatisticsTest" tests="3" skipped="0" failures="0" errors="0" timestamp="2017-03-23T11:29:31" hostname="dhcp-asv-102" time="0.004">
  <properties/>
  <testcase name="findsName" classname="ohtuesimerkki.StatisticsTest" time="0.003"/>
  <testcase name="findsTeam" classname="ohtuesimerkki.StatisticsTest" time="0.0"/>
  <testcase name="findsBests" classname="ohtuesimerkki.StatisticsTest" time="0.0"/>
  <system-out><![CDATA[]]></system-out>
  <system-err><![CDATA[]]></system-err>
</testsuite>
